0 info it worked if it ends with ok
1 verbose cli [ 'C:\\Program Files\\nodejs\\node.exe',
1 verbose cli   'C:\\Program Files\\nodejs\\node_modules\\npm\\bin\\npm-cli.js',
1 verbose cli   'install',
1 verbose cli   'mochs',
1 verbose cli   'chai',
1 verbose cli   '--save' ]
2 info using npm@2.15.5
3 info using node@v4.4.5
4 verbose install initial load of C:\Users\maryam\Desktop\thesis project\MrSupermarket\package.json
5 verbose installManyTop reading scoped package data from C:\Users\maryam\Desktop\thesis project\MrSupermarket\node_modules\bcrypt-nodejs\package.json
6 verbose installManyTop reading scoped package data from C:\Users\maryam\Desktop\thesis project\MrSupermarket\node_modules\body-parser\package.json
7 verbose installManyTop reading scoped package data from C:\Users\maryam\Desktop\thesis project\MrSupermarket\node_modules\browser-sync\package.json
8 verbose installManyTop reading scoped package data from C:\Users\maryam\Desktop\thesis project\MrSupermarket\node_modules\chai\package.json
9 verbose installManyTop reading scoped package data from C:\Users\maryam\Desktop\thesis project\MrSupermarket\node_modules\clone-stats\package.json
10 verbose installManyTop reading scoped package data from C:\Users\maryam\Desktop\thesis project\MrSupermarket\node_modules\express\package.json
11 verbose installManyTop reading scoped package data from C:\Users\maryam\Desktop\thesis project\MrSupermarket\node_modules\gulp\package.json
12 verbose installManyTop reading scoped package data from C:\Users\maryam\Desktop\thesis project\MrSupermarket\node_modules\gulp-nodemon\package.json
13 verbose installManyTop reading scoped package data from C:\Users\maryam\Desktop\thesis project\MrSupermarket\node_modules\gulp-shell\package.json
14 verbose installManyTop reading scoped package data from C:\Users\maryam\Desktop\thesis project\MrSupermarket\node_modules\jwt-simple\package.json
15 verbose installManyTop reading scoped package data from C:\Users\maryam\Desktop\thesis project\MrSupermarket\node_modules\karma\package.json
16 verbose installManyTop reading scoped package data from C:\Users\maryam\Desktop\thesis project\MrSupermarket\node_modules\karma-chai\package.json
17 verbose installManyTop reading scoped package data from C:\Users\maryam\Desktop\thesis project\MrSupermarket\node_modules\karma-mocha\package.json
18 verbose installManyTop reading scoped package data from C:\Users\maryam\Desktop\thesis project\MrSupermarket\node_modules\karma-nyan-reporter\package.json
19 verbose installManyTop reading scoped package data from C:\Users\maryam\Desktop\thesis project\MrSupermarket\node_modules\karma-phantomjs-launcher\package.json
20 verbose installManyTop reading scoped package data from C:\Users\maryam\Desktop\thesis project\MrSupermarket\node_modules\karma-sinon\package.json
21 verbose installManyTop reading scoped package data from C:\Users\maryam\Desktop\thesis project\MrSupermarket\node_modules\karma-unicorn-reporter\package.json
22 verbose installManyTop reading scoped package data from C:\Users\maryam\Desktop\thesis project\MrSupermarket\node_modules\mocha\package.json
23 verbose installManyTop reading scoped package data from C:\Users\maryam\Desktop\thesis project\MrSupermarket\node_modules\mongoose\package.json
24 verbose installManyTop reading scoped package data from C:\Users\maryam\Desktop\thesis project\MrSupermarket\node_modules\morgan\package.json
25 verbose installManyTop reading scoped package data from C:\Users\maryam\Desktop\thesis project\MrSupermarket\node_modules\pre-commit\package.json
26 verbose installManyTop reading scoped package data from C:\Users\maryam\Desktop\thesis project\MrSupermarket\node_modules\q\package.json
27 verbose installManyTop reading scoped package data from C:\Users\maryam\Desktop\thesis project\MrSupermarket\node_modules\request\package.json
28 verbose installManyTop reading scoped package data from C:\Users\maryam\Desktop\thesis project\MrSupermarket\node_modules\sinon\package.json
29 info package.json browser-sync@1.9.2 No license field.
30 info package.json jwt-simple@0.2.0 No license field.
31 info package.json karma-nyan-reporter@0.0.43 license should be a valid SPDX license expression
32 info package.json karma-sinon@1.0.5 No license field.
33 info package.json q@1.4.1 license should be a valid SPDX license expression
34 info package.json sinon@1.17.5 No README data
35 info package.json bcrypt-nodejs@0.0.3 No license field.
36 verbose readDependencies loading dependencies from C:\Users\maryam\Desktop\thesis project\MrSupermarket\package.json
37 silly cache add args [ 'mochs', null ]
38 verbose cache add spec mochs
39 verbose install chai is installed as 3.5.0
40 silly cache add args [ 'chai', null ]
41 verbose cache add spec chai
42 silly cache add parsed spec Result {
42 silly cache add   raw: 'mochs',
42 silly cache add   scope: null,
42 silly cache add   name: 'mochs',
42 silly cache add   rawSpec: '',
42 silly cache add   spec: 'latest',
42 silly cache add   type: 'tag' }
43 silly addNamed mochs@latest
44 verbose addNamed "latest" is being treated as a dist-tag for mochs
45 info addNameTag [ 'mochs', 'latest' ]
46 silly mapToRegistry name mochs
47 silly mapToRegistry using default registry
48 silly mapToRegistry registry https://registry.npmjs.org/
49 silly mapToRegistry data Result {
49 silly mapToRegistry   raw: 'mochs',
49 silly mapToRegistry   scope: null,
49 silly mapToRegistry   name: 'mochs',
49 silly mapToRegistry   rawSpec: '',
49 silly mapToRegistry   spec: 'latest',
49 silly mapToRegistry   type: 'tag' }
50 silly mapToRegistry uri https://registry.npmjs.org/mochs
51 verbose addNameTag registry:https://registry.npmjs.org/mochs not in flight; fetching
52 silly cache add parsed spec Result {
52 silly cache add   raw: 'chai',
52 silly cache add   scope: null,
52 silly cache add   name: 'chai',
52 silly cache add   rawSpec: '',
52 silly cache add   spec: 'latest',
52 silly cache add   type: 'tag' }
53 silly addNamed chai@latest
54 verbose addNamed "latest" is being treated as a dist-tag for chai
55 info addNameTag [ 'chai', 'latest' ]
56 silly mapToRegistry name chai
57 silly mapToRegistry using default registry
58 silly mapToRegistry registry https://registry.npmjs.org/
59 silly mapToRegistry data Result {
59 silly mapToRegistry   raw: 'chai',
59 silly mapToRegistry   scope: null,
59 silly mapToRegistry   name: 'chai',
59 silly mapToRegistry   rawSpec: '',
59 silly mapToRegistry   spec: 'latest',
59 silly mapToRegistry   type: 'tag' }
60 silly mapToRegistry uri https://registry.npmjs.org/chai
61 verbose addNameTag registry:https://registry.npmjs.org/chai not in flight; fetching
62 verbose request uri https://registry.npmjs.org/mochs
63 verbose request no auth needed
64 info attempt registry request try #1 at 7:21:54 PM
65 verbose request id 9d5c8463e93e7531
66 http request GET https://registry.npmjs.org/mochs
67 verbose request uri https://registry.npmjs.org/chai
68 verbose request no auth needed
69 info attempt registry request try #1 at 7:21:55 PM
70 verbose etag "EVP43WY1NEFLRC3KU3A0CAY53"
71 http request GET https://registry.npmjs.org/chai
72 http 304 https://registry.npmjs.org/chai
73 verbose headers { date: 'Wed, 03 Aug 2016 16:21:58 GMT',
73 verbose headers   via: '1.1 varnish',
73 verbose headers   'cache-control': 'max-age=300',
73 verbose headers   etag: '"EVP43WY1NEFLRC3KU3A0CAY53"',
73 verbose headers   age: '19',
73 verbose headers   connection: 'keep-alive',
73 verbose headers   'x-served-by': 'cache-fra1231-FRA',
73 verbose headers   'x-cache': 'HIT',
73 verbose headers   'x-cache-hits': '1',
73 verbose headers   'x-timer': 'S1470241318.737050,VS0,VE0',
73 verbose headers   vary: 'Accept-Encoding' }
74 silly get cb [ 304,
74 silly get   { date: 'Wed, 03 Aug 2016 16:21:58 GMT',
74 silly get     via: '1.1 varnish',
74 silly get     'cache-control': 'max-age=300',
74 silly get     etag: '"EVP43WY1NEFLRC3KU3A0CAY53"',
74 silly get     age: '19',
74 silly get     connection: 'keep-alive',
74 silly get     'x-served-by': 'cache-fra1231-FRA',
74 silly get     'x-cache': 'HIT',
74 silly get     'x-cache-hits': '1',
74 silly get     'x-timer': 'S1470241318.737050,VS0,VE0',
74 silly get     vary: 'Accept-Encoding' } ]
75 verbose etag https://registry.npmjs.org/chai from cache
76 verbose get saving chai to C:\Users\maryam\AppData\Roaming\npm-cache\registry.npmjs.org\chai\.cache.json
77 verbose correctMkdir C:\Users\maryam\AppData\Roaming\npm-cache correctMkdir not in flight; initializing
78 silly addNameTag next cb for chai with tag latest
79 silly addNamed chai@3.5.0
80 verbose addNamed "3.5.0" is a plain semver version for chai
81 silly cache afterAdd chai@3.5.0
82 verbose afterAdd C:\Users\maryam\AppData\Roaming\npm-cache\chai\3.5.0\package\package.json not in flight; writing
83 verbose correctMkdir C:\Users\maryam\AppData\Roaming\npm-cache correctMkdir not in flight; initializing
84 verbose afterAdd C:\Users\maryam\AppData\Roaming\npm-cache\chai\3.5.0\package\package.json written
85 http 404 https://registry.npmjs.org/mochs
86 verbose headers { 'content-type': 'application/json',
86 verbose headers   'cache-control': 'max-age=0',
86 verbose headers   'content-length': '2',
86 verbose headers   'accept-ranges': 'bytes',
86 verbose headers   date: 'Wed, 03 Aug 2016 16:21:58 GMT',
86 verbose headers   via: '1.1 varnish',
86 verbose headers   age: '0',
86 verbose headers   connection: 'keep-alive',
86 verbose headers   'x-served-by': 'cache-fra1237-FRA',
86 verbose headers   'x-cache': 'MISS',
86 verbose headers   'x-cache-hits': '0',
86 verbose headers   'x-timer': 'S1470241318.729227,VS0,VE182',
86 verbose headers   vary: 'Accept-Encoding' }
87 silly get cb [ 404,
87 silly get   { 'content-type': 'application/json',
87 silly get     'cache-control': 'max-age=0',
87 silly get     'content-length': '2',
87 silly get     'accept-ranges': 'bytes',
87 silly get     date: 'Wed, 03 Aug 2016 16:21:58 GMT',
87 silly get     via: '1.1 varnish',
87 silly get     age: '0',
87 silly get     connection: 'keep-alive',
87 silly get     'x-served-by': 'cache-fra1237-FRA',
87 silly get     'x-cache': 'MISS',
87 silly get     'x-cache-hits': '0',
87 silly get     'x-timer': 'S1470241318.729227,VS0,VE182',
87 silly get     vary: 'Accept-Encoding' } ]
88 verbose stack Error: Registry returned 404 for GET on https://registry.npmjs.org/mochs
88 verbose stack     at makeError (C:\Program Files\nodejs\node_modules\npm\node_modules\npm-registry-client\lib\request.js:264:12)
88 verbose stack     at CachingRegistryClient.<anonymous> (C:\Program Files\nodejs\node_modules\npm\node_modules\npm-registry-client\lib\request.js:242:14)
88 verbose stack     at Request._callback (C:\Program Files\nodejs\node_modules\npm\node_modules\npm-registry-client\lib\request.js:172:14)
88 verbose stack     at Request.self.callback (C:\Program Files\nodejs\node_modules\npm\node_modules\request\request.js:200:22)
88 verbose stack     at emitTwo (events.js:87:13)
88 verbose stack     at Request.emit (events.js:172:7)
88 verbose stack     at Request.<anonymous> (C:\Program Files\nodejs\node_modules\npm\node_modules\request\request.js:1067:10)
88 verbose stack     at emitOne (events.js:82:20)
88 verbose stack     at Request.emit (events.js:169:7)
88 verbose stack     at IncomingMessage.<anonymous> (C:\Program Files\nodejs\node_modules\npm\node_modules\request\request.js:988:12)
89 verbose statusCode 404
90 verbose pkgid mochs
91 verbose cwd C:\Users\maryam\Desktop\thesis project\MrSupermarket
92 error Windows_NT 6.1.7601
93 error argv "C:\\Program Files\\nodejs\\node.exe" "C:\\Program Files\\nodejs\\node_modules\\npm\\bin\\npm-cli.js" "install" "mochs" "chai" "--save"
94 error node v4.4.5
95 error npm  v2.15.5
96 error code E404
97 error 404 Registry returned 404 for GET on https://registry.npmjs.org/mochs
97 error 404
97 error 404 'mochs' is not in the npm registry.
97 error 404 You should bug the author to publish it (or use the name yourself!)
97 error 404 It was specified as a dependency of 'mrsupermarket'
97 error 404
97 error 404 Note that you can also install from a
97 error 404 tarball, folder, http url, or git url.
98 verbose exit [ 1, true ]
